# JRE version: 7.0_21-b11
# Java VM: Java HotSpot(TM) 64-Bit Server VM (23.21-b01 mixed mode windows-amd64 compressed oops)
Heap
 par new generation   total 306688K, used 6962K [0x00000000bae00000, 0x00000000cfac0000, 0x00000000cfac0000)
  eden space 272640K,   2% used [0x00000000bae00000, 0x00000000bb4cc838, 0x00000000cb840000)
  from space 34048K,   0% used [0x00000000cb840000, 0x00000000cb840000, 0x00000000cd980000)
  to   space 34048K,   0% used [0x00000000cd980000, 0x00000000cd980000, 0x00000000cfac0000)
 concurrent mark-sweep generation total 707840K, used 80101K [0x00000000cfac0000, 0x00000000fae00000, 0x00000000fae00000)
 concurrent-mark-sweep perm gen total 51456K, used 30811K [0x00000000fae00000, 0x00000000fe040000, 0x0000000100000000)
GC Heap History (10 events):
Event: 7321.773 GC heap before
{Heap before GC invocations=77 (full 21):
 par new generation   total 306688K, used 288785K [0x00000000bae00000, 0x00000000cfac0000, 0x00000000cfac0000)
  eden space 272640K, 100% used [0x00000000bae00000, 0x00000000cb840000, 0x00000000cb840000)
  from space 34048K,  47% used [0x00000000cd980000, 0x00000000ce944428, 0x00000000cfac0000)
  to   space 34048K,   0% used [0x00000000cb840000, 0x00000000cb840000, 0x00000000cd980000)
 concurrent mark-sweep generation total 707840K, used 175642K [0x00000000cfac0000, 0x00000000fae00000, 0x00000000fae00000)
 concurrent-mark-sweep perm gen total 51456K, used 30771K [0x00000000fae00000, 0x00000000fe040000, 0x0000000100000000)
Event: 7321.794 GC heap after
Heap after GC invocations=78 (full 21):
 par new generation   total 306688K, used 4442K [0x00000000bae00000, 0x00000000cfac0000, 0x00000000cfac0000)
  eden space 272640K,   0% used [0x00000000bae00000, 0x00000000bae00000, 0x00000000cb840000)
  from space 34048K,  13% used [0x00000000cb840000, 0x00000000cbc96840, 0x00000000cd980000)
  to   space 34048K,   0% used [0x00000000cd980000, 0x00000000cd980000, 0x00000000cfac0000)
 concurrent mark-sweep generation total 707840K, used 175642K [0x00000000cfac0000, 0x00000000fae00000, 0x00000000fae00000)
 concurrent-mark-sweep perm gen total 51456K, used 30771K [0x00000000fae00000, 0x00000000fe040000, 0x0000000100000000)
}
Event: 7379.686 GC heap before
{Heap before GC invocations=78 (full 21):
 par new generation   total 306688K, used 229657K [0x00000000bae00000, 0x00000000cfac0000, 0x00000000cfac0000)
  eden space 272640K,  82% used [0x00000000bae00000, 0x00000000c89efc40, 0x00000000cb840000)
  from space 34048K,  13% used [0x00000000cb840000, 0x00000000cbc96840, 0x00000000cd980000)
  to   space 34048K,   0% used [0x00000000cd980000, 0x00000000cd980000, 0x00000000cfac0000)
 concurrent mark-sweep generation total 707840K, used 175642K [0x00000000cfac0000, 0x00000000fae00000, 0x00000000fae00000)
 concurrent-mark-sweep perm gen total 51456K, used 30772K [0x00000000fae00000, 0x00000000fe040000, 0x0000000100000000)
Event: 7379.732 GC heap after
Heap after GC invocations=79 (full 21):
 par new generation   total 306688K, used 30369K [0x00000000bae00000, 0x00000000cfac0000, 0x00000000cfac0000)
  eden space 272640K,   0% used [0x00000000bae00000, 0x00000000bae00000, 0x00000000cb840000)
  from space 34048K,  89% used [0x00000000cd980000, 0x00000000cf728410, 0x00000000cfac0000)
  to   space 34048K,   0% used [0x00000000cb840000, 0x00000000cb840000, 0x00000000cd980000)
 concurrent mark-sweep generation total 707840K, used 175642K [0x00000000cfac0000, 0x00000000fae00000, 0x00000000fae00000)
 concurrent-mark-sweep perm gen total 51456K, used 30772K [0x00000000fae00000, 0x00000000fe040000, 0x0000000100000000)
}
Event: 7387.036 GC heap before
{Heap before GC invocations=79 (full 21):
 par new generation   total 306688K, used 150805K [0x00000000bae00000, 0x00000000cfac0000, 0x00000000cfac0000)
  eden space 272640K,  44% used [0x00000000bae00000, 0x00000000c239d020, 0x00000000cb840000)
  from space 34048K,  89% used [0x00000000cd980000, 0x00000000cf728410, 0x00000000cfac0000)
  to   space 34048K,   0% used [0x00000000cb840000, 0x00000000cb840000, 0x00000000cd980000)
 concurrent mark-sweep generation total 707840K, used 175642K [0x00000000cfac0000, 0x00000000fae00000, 0x00000000fae00000)
 concurrent-mark-sweep perm gen total 51456K, used 30772K [0x00000000fae00000, 0x00000000fe040000, 0x0000000100000000)
Event: 7387.856 GC heap after
Heap after GC invocations=80 (full 22):
 par new generation   total 306688K, used 0K [0x00000000bae00000, 0x00000000cfac0000, 0x00000000cfac0000)
  eden space 272640K,   0% used [0x00000000bae00000, 0x00000000bae00000, 0x00000000cb840000)
  from space 34048K,   0% used [0x00000000cd980000, 0x00000000cd980000, 0x00000000cfac0000)
  to   space 34048K,   0% used [0x00000000cb840000, 0x00000000cb840000, 0x00000000cd980000)
 concurrent mark-sweep generation total 707840K, used 161987K [0x00000000cfac0000, 0x00000000fae00000, 0x00000000fae00000)
 concurrent-mark-sweep perm gen total 51456K, used 30772K [0x00000000fae00000, 0x00000000fe040000, 0x0000000100000000)
}
Event: 7453.997 GC heap before
{Heap before GC invocations=80 (full 22):
 par new generation   total 306688K, used 272640K [0x00000000bae00000, 0x00000000cfac0000, 0x00000000cfac0000)
  eden space 272640K, 100% used [0x00000000bae00000, 0x00000000cb840000, 0x00000000cb840000)
  from space 34048K,   0% used [0x00000000cd980000, 0x00000000cd980000, 0x00000000cfac0000)
  to   space 34048K,   0% used [0x00000000cb840000, 0x00000000cb840000, 0x00000000cd980000)
 concurrent mark-sweep generation total 707840K, used 161987K [0x00000000cfac0000, 0x00000000fae00000, 0x00000000fae00000)
 concurrent-mark-sweep perm gen total 51456K, used 30778K [0x00000000fae00000, 0x00000000fe040000, 0x0000000100000000)
Event: 7454.044 GC heap after
Heap after GC invocations=81 (full 22):
 par new generation   total 306688K, used 28465K [0x00000000bae00000, 0x00000000cfac0000, 0x00000000cfac0000)
  eden space 272640K,   0% used [0x00000000bae00000, 0x00000000bae00000, 0x00000000cb840000)
  from space 34048K,  83% used [0x00000000cb840000, 0x00000000cd40c5f8, 0x00000000cd980000)
  to   space 34048K,   0% used [0x00000000cd980000, 0x00000000cd980000, 0x00000000cfac0000)
 concurrent mark-sweep generation total 707840K, used 161987K [0x00000000cfac0000, 0x00000000fae00000, 0x00000000fae00000)
 concurrent-mark-sweep perm gen total 51456K, used 30778K [0x00000000fae00000, 0x00000000fe040000, 0x0000000100000000)
}
Event: 7461.257 GC heap before
{Heap before GC invocations=81 (full 22):
 par new generation   total 306688K, used 53513K [0x00000000bae00000, 0x00000000cfac0000, 0x00000000cfac0000)
  eden space 272640K,   9% used [0x00000000bae00000, 0x00000000bc676100, 0x00000000cb840000)
  from space 34048K,  83% used [0x00000000cb840000, 0x00000000cd40c5f8, 0x00000000cd980000)
  to   space 34048K,   0% used [0x00000000cd980000, 0x00000000cd980000, 0x00000000cfac0000)
 concurrent mark-sweep generation total 707840K, used 161987K [0x00000000cfac0000, 0x00000000fae00000, 0x00000000fae00000)
 concurrent-mark-sweep perm gen total 51456K, used 30786K [0x00000000fae00000, 0x00000000fe040000, 0x0000000100000000)
Event: 7461.769 GC heap after
Heap after GC invocations=82 (full 23):
 par new generation   total 306688K, used 0K [0x00000000bae00000, 0x00000000cfac0000, 0x00000000cfac0000)
  eden space 272640K,   0% used [0x00000000bae00000, 0x00000000bae00000, 0x00000000cb840000)
  from space 34048K,   0% used [0x00000000cb840000, 0x00000000cb840000, 0x00000000cd980000)
  to   space 34048K,   0% used [0x00000000cd980000, 0x00000000cd980000, 0x00000000cfac0000)
 concurrent mark-sweep generation total 707840K, used 80101K [0x00000000cfac0000, 0x00000000fae00000, 0x00000000fae00000)
 concurrent-mark-sweep perm gen total 51456K, used 30786K [0x00000000fae00000, 0x00000000fe040000, 0x0000000100000000)
}

