# JRE version: 7.0_21-b11
# Java VM: Java HotSpot(TM) 64-Bit Server VM (23.21-b01 mixed mode windows-amd64 compressed oops)
Heap
 par new generation   total 306688K, used 10132K [0x00000000bae00000, 0x00000000cfac0000, 0x00000000cfac0000)
  eden space 272640K,   3% used [0x00000000bae00000, 0x00000000bb7e5168, 0x00000000cb840000)
  from space 34048K,   0% used [0x00000000cd980000, 0x00000000cd980000, 0x00000000cfac0000)
  to   space 34048K,   0% used [0x00000000cb840000, 0x00000000cb840000, 0x00000000cd980000)
 concurrent mark-sweep generation total 707840K, used 209559K [0x00000000cfac0000, 0x00000000fae00000, 0x00000000fae00000)
 concurrent-mark-sweep perm gen total 52352K, used 31416K [0x00000000fae00000, 0x00000000fe120000, 0x0000000100000000)
GC Heap History (10 events):
Event: 2344.932 GC heap before
{Heap before GC invocations=40 (full 24):
 par new generation   total 306688K, used 306688K [0x00000000bae00000, 0x00000000cfac0000, 0x00000000cfac0000)
  eden space 272640K, 100% used [0x00000000bae00000, 0x00000000cb840000, 0x00000000cb840000)
  from space 34048K, 100% used [0x00000000cd980000, 0x00000000cfac0000, 0x00000000cfac0000)
  to   space 34048K,   0% used [0x00000000cb840000, 0x00000000cb840000, 0x00000000cd980000)
 concurrent mark-sweep generation total 707840K, used 496413K [0x00000000cfac0000, 0x00000000fae00000, 0x00000000fae00000)
 concurrent-mark-sweep perm gen total 51744K, used 31466K [0x00000000fae00000, 0x00000000fe088000, 0x0000000100000000)
Event: 2345.053 GC heap after
Heap after GC invocations=41 (full 24):
 par new generation   total 306688K, used 29699K [0x00000000bae00000, 0x00000000cfac0000, 0x00000000cfac0000)
  eden space 272640K,   0% used [0x00000000bae00000, 0x00000000bae00000, 0x00000000cb840000)
  from space 34048K,  87% used [0x00000000cb840000, 0x00000000cd540c90, 0x00000000cd980000)
  to   space 34048K,   0% used [0x00000000cd980000, 0x00000000cd980000, 0x00000000cfac0000)
 concurrent mark-sweep generation total 707840K, used 521797K [0x00000000cfac0000, 0x00000000fae00000, 0x00000000fae00000)
 concurrent-mark-sweep perm gen total 51744K, used 31466K [0x00000000fae00000, 0x00000000fe088000, 0x0000000100000000)
}
Event: 2430.987 GC heap before
{Heap before GC invocations=41 (full 24):
 par new generation   total 306688K, used 302304K [0x00000000bae00000, 0x00000000cfac0000, 0x00000000cfac0000)
  eden space 272640K,  99% used [0x00000000bae00000, 0x00000000cb837390, 0x00000000cb840000)
  from space 34048K,  87% used [0x00000000cb840000, 0x00000000cd540c90, 0x00000000cd980000)
  to   space 34048K,   0% used [0x00000000cd980000, 0x00000000cd980000, 0x00000000cfac0000)
 concurrent mark-sweep generation total 707840K, used 521797K [0x00000000cfac0000, 0x00000000fae00000, 0x00000000fae00000)
 concurrent-mark-sweep perm gen total 51744K, used 31472K [0x00000000fae00000, 0x00000000fe088000, 0x0000000100000000)
Event: 2431.033 GC heap after
Heap after GC invocations=42 (full 24):
 par new generation   total 306688K, used 28449K [0x00000000bae00000, 0x00000000cfac0000, 0x00000000cfac0000)
  eden space 272640K,   0% used [0x00000000bae00000, 0x00000000bae00000, 0x00000000cb840000)
  from space 34048K,  83% used [0x00000000cd980000, 0x00000000cf548740, 0x00000000cfac0000)
  to   space 34048K,   0% used [0x00000000cb840000, 0x00000000cb840000, 0x00000000cd980000)
 concurrent mark-sweep generation total 707840K, used 521797K [0x00000000cfac0000, 0x00000000fae00000, 0x00000000fae00000)
 concurrent-mark-sweep perm gen total 51744K, used 31472K [0x00000000fae00000, 0x00000000fe088000, 0x0000000100000000)
}
Event: 2489.006 GC heap before
{Heap before GC invocations=42 (full 24):
 par new generation   total 306688K, used 300981K [0x00000000bae00000, 0x00000000cfac0000, 0x00000000cfac0000)
  eden space 272640K,  99% used [0x00000000bae00000, 0x00000000cb824e70, 0x00000000cb840000)
  from space 34048K,  83% used [0x00000000cd980000, 0x00000000cf548740, 0x00000000cfac0000)
  to   space 34048K,   0% used [0x00000000cb840000, 0x00000000cb840000, 0x00000000cd980000)
 concurrent mark-sweep generation total 707840K, used 521797K [0x00000000cfac0000, 0x00000000fae00000, 0x00000000fae00000)
 concurrent-mark-sweep perm gen total 51744K, used 31472K [0x00000000fae00000, 0x00000000fe088000, 0x0000000100000000)
Event: 2489.082 GC heap after
Heap after GC invocations=43 (full 24):
 par new generation   total 306688K, used 20180K [0x00000000bae00000, 0x00000000cfac0000, 0x00000000cfac0000)
  eden space 272640K,   0% used [0x00000000bae00000, 0x00000000bae00000, 0x00000000cb840000)
  from space 34048K,  59% used [0x00000000cb840000, 0x00000000ccbf52d0, 0x00000000cd980000)
  to   space 34048K,   0% used [0x00000000cd980000, 0x00000000cd980000, 0x00000000cfac0000)
 concurrent mark-sweep generation total 707840K, used 540431K [0x00000000cfac0000, 0x00000000fae00000, 0x00000000fae00000)
 concurrent-mark-sweep perm gen total 51744K, used 31472K [0x00000000fae00000, 0x00000000fe088000, 0x0000000100000000)
}
Event: 2538.111 GC heap before
{Heap before GC invocations=43 (full 24):
 par new generation   total 306688K, used 292820K [0x00000000bae00000, 0x00000000cfac0000, 0x00000000cfac0000)
  eden space 272640K, 100% used [0x00000000bae00000, 0x00000000cb840000, 0x00000000cb840000)
  from space 34048K,  59% used [0x00000000cb840000, 0x00000000ccbf52d0, 0x00000000cd980000)
  to   space 34048K,   0% used [0x00000000cd980000, 0x00000000cd980000, 0x00000000cfac0000)
 concurrent mark-sweep generation total 707840K, used 540431K [0x00000000cfac0000, 0x00000000fae00000, 0x00000000fae00000)
 concurrent-mark-sweep perm gen total 51744K, used 31474K [0x00000000fae00000, 0x00000000fe088000, 0x0000000100000000)
Event: 2538.128 GC heap after
Heap after GC invocations=44 (full 24):
 par new generation   total 306688K, used 11655K [0x00000000bae00000, 0x00000000cfac0000, 0x00000000cfac0000)
  eden space 272640K,   0% used [0x00000000bae00000, 0x00000000bae00000, 0x00000000cb840000)
  from space 34048K,  34% used [0x00000000cd980000, 0x00000000ce4e1e20, 0x00000000cfac0000)
  to   space 34048K,   0% used [0x00000000cb840000, 0x00000000cb840000, 0x00000000cd980000)
 concurrent mark-sweep generation total 707840K, used 540431K [0x00000000cfac0000, 0x00000000fae00000, 0x00000000fae00000)
 concurrent-mark-sweep perm gen total 51744K, used 31474K [0x00000000fae00000, 0x00000000fe088000, 0x0000000100000000)
}
Event: 2594.823 GC heap before
{Heap before GC invocations=44 (full 24):
 par new generation   total 306688K, used 239423K [0x00000000bae00000, 0x00000000cfac0000, 0x00000000cfac0000)
  eden space 272640K,  83% used [0x00000000bae00000, 0x00000000c8c6e1a8, 0x00000000cb840000)
  from space 34048K,  34% used [0x00000000cd980000, 0x00000000ce4e1e20, 0x00000000cfac0000)
  to   space 34048K,   0% used [0x00000000cb840000, 0x00000000cb840000, 0x00000000cd980000)
 concurrent mark-sweep generation total 707840K, used 540431K [0x00000000cfac0000, 0x00000000fae00000, 0x00000000fae00000)
 concurrent-mark-sweep perm gen total 51744K, used 31475K [0x00000000fae00000, 0x00000000fe088000, 0x0000000100000000)
Event: 2595.729 GC heap after
Heap after GC invocations=45 (full 25):
 par new generation   total 306688K, used 0K [0x00000000bae00000, 0x00000000cfac0000, 0x00000000cfac0000)
  eden space 272640K,   0% used [0x00000000bae00000, 0x00000000bae00000, 0x00000000cb840000)
  from space 34048K,   0% used [0x00000000cd980000, 0x00000000cd980000, 0x00000000cfac0000)
  to   space 34048K,   0% used [0x00000000cb840000, 0x00000000cb840000, 0x00000000cd980000)
 concurrent mark-sweep generation total 707840K, used 209559K [0x00000000cfac0000, 0x00000000fae00000, 0x00000000fae00000)
 concurrent-mark-sweep perm gen total 52352K, used 31409K [0x00000000fae00000, 0x00000000fe120000, 0x0000000100000000)
}

