# JRE version: 7.0_21-b11
# Java VM: Java HotSpot(TM) 64-Bit Server VM (23.21-b01 mixed mode windows-amd64 compressed oops)
Heap
 par new generation   total 306688K, used 6169K [0x00000000bae00000, 0x00000000cfac0000, 0x00000000cfac0000)
  eden space 272640K,   2% used [0x00000000bae00000, 0x00000000bb406738, 0x00000000cb840000)
  from space 34048K,   0% used [0x00000000cd980000, 0x00000000cd980000, 0x00000000cfac0000)
  to   space 34048K,   0% used [0x00000000cb840000, 0x00000000cb840000, 0x00000000cd980000)
 concurrent mark-sweep generation total 707840K, used 174912K [0x00000000cfac0000, 0x00000000fae00000, 0x00000000fae00000)
 concurrent-mark-sweep perm gen total 50288K, used 30210K [0x00000000fae00000, 0x00000000fdf1c000, 0x0000000100000000)
GC Heap History (10 events):
Event: 531.773 GC heap before
{Heap before GC invocations=32 (full 14):
 par new generation   total 306688K, used 291229K [0x00000000bae00000, 0x00000000cfac0000, 0x00000000cfac0000)
  eden space 272640K, 100% used [0x00000000bae00000, 0x00000000cb840000, 0x00000000cb840000)
  from space 34048K,  54% used [0x00000000cd980000, 0x00000000ceba7608, 0x00000000cfac0000)
  to   space 34048K,   0% used [0x00000000cb840000, 0x00000000cb840000, 0x00000000cd980000)
 concurrent mark-sweep generation total 707840K, used 207698K [0x00000000cfac0000, 0x00000000fae00000, 0x00000000fae00000)
 concurrent-mark-sweep perm gen total 49808K, used 30136K [0x00000000fae00000, 0x00000000fdea4000, 0x0000000100000000)
Event: 531.821 GC heap after
Heap after GC invocations=33 (full 14):
 par new generation   total 306688K, used 12524K [0x00000000bae00000, 0x00000000cfac0000, 0x00000000cfac0000)
  eden space 272640K,   0% used [0x00000000bae00000, 0x00000000bae00000, 0x00000000cb840000)
  from space 34048K,  36% used [0x00000000cb840000, 0x00000000cc47b130, 0x00000000cd980000)
  to   space 34048K,   0% used [0x00000000cd980000, 0x00000000cd980000, 0x00000000cfac0000)
 concurrent mark-sweep generation total 707840K, used 213198K [0x00000000cfac0000, 0x00000000fae00000, 0x00000000fae00000)
 concurrent-mark-sweep perm gen total 49808K, used 30136K [0x00000000fae00000, 0x00000000fdea4000, 0x0000000100000000)
}
Event: 546.661 GC heap before
{Heap before GC invocations=33 (full 14):
 par new generation   total 306688K, used 285164K [0x00000000bae00000, 0x00000000cfac0000, 0x00000000cfac0000)
  eden space 272640K, 100% used [0x00000000bae00000, 0x00000000cb840000, 0x00000000cb840000)
  from space 34048K,  36% used [0x00000000cb840000, 0x00000000cc47b130, 0x00000000cd980000)
  to   space 34048K,   0% used [0x00000000cd980000, 0x00000000cd980000, 0x00000000cfac0000)
 concurrent mark-sweep generation total 707840K, used 213198K [0x00000000cfac0000, 0x00000000fae00000, 0x00000000fae00000)
 concurrent-mark-sweep perm gen total 49808K, used 30140K [0x00000000fae00000, 0x00000000fdea4000, 0x0000000100000000)
Event: 546.718 GC heap after
Heap after GC invocations=34 (full 14):
 par new generation   total 306688K, used 5823K [0x00000000bae00000, 0x00000000cfac0000, 0x00000000cfac0000)
  eden space 272640K,   0% used [0x00000000bae00000, 0x00000000bae00000, 0x00000000cb840000)
  from space 34048K,  17% used [0x00000000cd980000, 0x00000000cdf2fff0, 0x00000000cfac0000)
  to   space 34048K,   0% used [0x00000000cb840000, 0x00000000cb840000, 0x00000000cd980000)
 concurrent mark-sweep generation total 707840K, used 217785K [0x00000000cfac0000, 0x00000000fae00000, 0x00000000fae00000)
 concurrent-mark-sweep perm gen total 49808K, used 30140K [0x00000000fae00000, 0x00000000fdea4000, 0x0000000100000000)
}
Event: 564.948 GC heap before
{Heap before GC invocations=34 (full 14):
 par new generation   total 306688K, used 278463K [0x00000000bae00000, 0x00000000cfac0000, 0x00000000cfac0000)
  eden space 272640K, 100% used [0x00000000bae00000, 0x00000000cb840000, 0x00000000cb840000)
  from space 34048K,  17% used [0x00000000cd980000, 0x00000000cdf2fff0, 0x00000000cfac0000)
  to   space 34048K,   0% used [0x00000000cb840000, 0x00000000cb840000, 0x00000000cd980000)
 concurrent mark-sweep generation total 707840K, used 217785K [0x00000000cfac0000, 0x00000000fae00000, 0x00000000fae00000)
 concurrent-mark-sweep perm gen total 49808K, used 30146K [0x00000000fae00000, 0x00000000fdea4000, 0x0000000100000000)
Event: 564.990 GC heap after
Heap after GC invocations=35 (full 14):
 par new generation   total 306688K, used 11827K [0x00000000bae00000, 0x00000000cfac0000, 0x00000000cfac0000)
  eden space 272640K,   0% used [0x00000000bae00000, 0x00000000bae00000, 0x00000000cb840000)
  from space 34048K,  34% used [0x00000000cb840000, 0x00000000cc3ccd98, 0x00000000cd980000)
  to   space 34048K,   0% used [0x00000000cd980000, 0x00000000cd980000, 0x00000000cfac0000)
 concurrent mark-sweep generation total 707840K, used 218105K [0x00000000cfac0000, 0x00000000fae00000, 0x00000000fae00000)
 concurrent-mark-sweep perm gen total 49808K, used 30146K [0x00000000fae00000, 0x00000000fdea4000, 0x0000000100000000)
}
Event: 583.758 GC heap before
{Heap before GC invocations=35 (full 14):
 par new generation   total 306688K, used 284467K [0x00000000bae00000, 0x00000000cfac0000, 0x00000000cfac0000)
  eden space 272640K, 100% used [0x00000000bae00000, 0x00000000cb840000, 0x00000000cb840000)
  from space 34048K,  34% used [0x00000000cb840000, 0x00000000cc3ccd98, 0x00000000cd980000)
  to   space 34048K,   0% used [0x00000000cd980000, 0x00000000cd980000, 0x00000000cfac0000)
 concurrent mark-sweep generation total 707840K, used 218105K [0x00000000cfac0000, 0x00000000fae00000, 0x00000000fae00000)
 concurrent-mark-sweep perm gen total 49808K, used 30166K [0x00000000fae00000, 0x00000000fdea4000, 0x0000000100000000)
Event: 583.802 GC heap after
Heap after GC invocations=36 (full 14):
 par new generation   total 306688K, used 18458K [0x00000000bae00000, 0x00000000cfac0000, 0x00000000cfac0000)
  eden space 272640K,   0% used [0x00000000bae00000, 0x00000000bae00000, 0x00000000cb840000)
  from space 34048K,  54% used [0x00000000cd980000, 0x00000000ceb86b60, 0x00000000cfac0000)
  to   space 34048K,   0% used [0x00000000cb840000, 0x00000000cb840000, 0x00000000cd980000)
 concurrent mark-sweep generation total 707840K, used 218292K [0x00000000cfac0000, 0x00000000fae00000, 0x00000000fae00000)
 concurrent-mark-sweep perm gen total 49808K, used 30166K [0x00000000fae00000, 0x00000000fdea4000, 0x0000000100000000)
}
Event: 599.247 GC heap before
{Heap before GC invocations=36 (full 14):
 par new generation   total 306688K, used 208570K [0x00000000bae00000, 0x00000000cfac0000, 0x00000000cfac0000)
  eden space 272640K,  69% used [0x00000000bae00000, 0x00000000c67a7db8, 0x00000000cb840000)
  from space 34048K,  54% used [0x00000000cd980000, 0x00000000ceb86b60, 0x00000000cfac0000)
  to   space 34048K,   0% used [0x00000000cb840000, 0x00000000cb840000, 0x00000000cd980000)
 concurrent mark-sweep generation total 707840K, used 218292K [0x00000000cfac0000, 0x00000000fae00000, 0x00000000fae00000)
 concurrent-mark-sweep perm gen total 49808K, used 30182K [0x00000000fae00000, 0x00000000fdea4000, 0x0000000100000000)
Event: 599.981 GC heap after
Heap after GC invocations=37 (full 15):
 par new generation   total 306688K, used 0K [0x00000000bae00000, 0x00000000cfac0000, 0x00000000cfac0000)
  eden space 272640K,   0% used [0x00000000bae00000, 0x00000000bae00000, 0x00000000cb840000)
  from space 34048K,   0% used [0x00000000cd980000, 0x00000000cd980000, 0x00000000cfac0000)
  to   space 34048K,   0% used [0x00000000cb840000, 0x00000000cb840000, 0x00000000cd980000)
 concurrent mark-sweep generation total 707840K, used 174912K [0x00000000cfac0000, 0x00000000fae00000, 0x00000000fae00000)
 concurrent-mark-sweep perm gen total 50288K, used 30171K [0x00000000fae00000, 0x00000000fdf1c000, 0x0000000100000000)
}

